Started GET "/" for 116.222.88.17 at 2021-04-03 06:53:06 +0000
Cannot render console from 116.222.88.17! Allowed networks: 127.0.0.1, ::1, 127.0.0.0/127.255.255.255
  
ActiveRecord::PendingMigrationError (

Migrations are pending. To resolve this issue, run:

        bin/rails db:migrate RAILS_ENV=development

):
  
activerecord (5.2.5) lib/active_record/migration.rb:579:in `check_pending!'
activerecord (5.2.5) lib/active_record/migration.rb:556:in `call'
actionpack (5.2.5) lib/action_dispatch/middleware/callbacks.rb:28:in `block in call'
activesupport (5.2.5) lib/active_support/callbacks.rb:98:in `run_callbacks'
actionpack (5.2.5) lib/action_dispatch/middleware/callbacks.rb:26:in `call'
actionpack (5.2.5) lib/action_dispatch/middleware/executor.rb:14:in `call'
actionpack (5.2.5) lib/action_dispatch/middleware/debug_exceptions.rb:61:in `call'
web-console (3.7.0) lib/web_console/middleware.rb:135:in `call_app'
web-console (3.7.0) lib/web_console/middleware.rb:22:in `block in call'
web-console (3.7.0) lib/web_console/middleware.rb:20:in `catch'
web-console (3.7.0) lib/web_console/middleware.rb:20:in `call'
actionpack (5.2.5) lib/action_dispatch/middleware/show_exceptions.rb:33:in `call'
railties (5.2.5) lib/rails/rack/logger.rb:38:in `call_app'
railties (5.2.5) lib/rails/rack/logger.rb:26:in `block in call'
activesupport (5.2.5) lib/active_support/tagged_logging.rb:71:in `block in tagged'
activesupport (5.2.5) lib/active_support/tagged_logging.rb:28:in `tagged'
activesupport (5.2.5) lib/active_support/tagged_logging.rb:71:in `tagged'
railties (5.2.5) lib/rails/rack/logger.rb:26:in `call'
sprockets-rails (3.2.2) lib/sprockets/rails/quiet_assets.rb:13:in `call'
actionpack (5.2.5) lib/action_dispatch/middleware/remote_ip.rb:81:in `call'
actionpack (5.2.5) lib/action_dispatch/middleware/request_id.rb:27:in `call'
rack (2.2.3) lib/rack/method_override.rb:24:in `call'
rack (2.2.3) lib/rack/runtime.rb:22:in `call'
activesupport (5.2.5) lib/active_support/cache/strategy/local_cache_middleware.rb:29:in `call'
actionpack (5.2.5) lib/action_dispatch/middleware/executor.rb:14:in `call'
actionpack (5.2.5) lib/action_dispatch/middleware/static.rb:127:in `call'
rack (2.2.3) lib/rack/sendfile.rb:110:in `call'
railties (5.2.5) lib/rails/engine.rb:524:in `call'
puma (3.12.6) lib/puma/configuration.rb:227:in `call'
puma (3.12.6) lib/puma/server.rb:706:in `handle_request'
puma (3.12.6) lib/puma/server.rb:476:in `process_client'
puma (3.12.6) lib/puma/server.rb:334:in `block in run'
puma (3.12.6) lib/puma/thread_pool.rb:135:in `block in spawn_thread'
  [1m[35m (0.1ms)[0m  [1m[34mSELECT sqlite_version(*)[0m
  ↳ bin/rails:9
  [1m[35m (5.6ms)[0m  [1m[35mCREATE TABLE "schema_migrations" ("version" varchar NOT NULL PRIMARY KEY)[0m
  ↳ bin/rails:9
  [1m[35m (3.5ms)[0m  [1m[35mCREATE TABLE "ar_internal_metadata" ("key" varchar NOT NULL PRIMARY KEY, "value" varchar, "created_at" datetime NOT NULL, "updated_at" datetime NOT NULL)[0m
  ↳ bin/rails:9
  [1m[35m (0.1ms)[0m  [1m[34mSELECT "schema_migrations"."version" FROM "schema_migrations" ORDER BY "schema_migrations"."version" ASC[0m
  ↳ bin/rails:9
Migrating to CreateBooks (20200621071304)
  [1m[35m (0.0ms)[0m  [1m[36mbegin transaction[0m
  ↳ bin/rails:9
  [1m[35m (0.8ms)[0m  [1m[35mCREATE TABLE "books" ("id" integer PRIMARY KEY AUTOINCREMENT NOT NULL, "body" text, "created_at" datetime NOT NULL, "updated_at" datetime NOT NULL)[0m
  ↳ db/migrate/20200621071304_create_books.rb:3
  [1m[36mActiveRecord::SchemaMigration Create (0.1ms)[0m  [1m[32mINSERT INTO "schema_migrations" ("version") VALUES (?)[0m  [["version", "20200621071304"]]
  ↳ bin/rails:9
  [1m[35m (5.7ms)[0m  [1m[36mcommit transaction[0m
  ↳ bin/rails:9
  [1m[36mActiveRecord::InternalMetadata Load (0.1ms)[0m  [1m[34mSELECT  "ar_internal_metadata".* FROM "ar_internal_metadata" WHERE "ar_internal_metadata"."key" = ? LIMIT ?[0m  [["key", "environment"], ["LIMIT", 1]]
  ↳ bin/rails:9
  [1m[35m (0.0ms)[0m  [1m[36mbegin transaction[0m
  ↳ bin/rails:9
  [1m[36mActiveRecord::InternalMetadata Create (1.0ms)[0m  [1m[32mINSERT INTO "ar_internal_metadata" ("key", "value", "created_at", "updated_at") VALUES (?, ?, ?, ?)[0m  [["key", "environment"], ["value", "development"], ["created_at", "2021-04-03 06:55:05.907033"], ["updated_at", "2021-04-03 06:55:05.907033"]]
  ↳ bin/rails:9
  [1m[35m (3.0ms)[0m  [1m[36mcommit transaction[0m
  ↳ bin/rails:9
  [1m[35m (0.1ms)[0m  [1m[34mSELECT "schema_migrations"."version" FROM "schema_migrations" ORDER BY "schema_migrations"."version" ASC[0m
  ↳ bin/rails:9
Started GET "/" for 116.222.88.17 at 2021-04-03 06:55:15 +0000
Cannot render console from 116.222.88.17! Allowed networks: 127.0.0.1, ::1, 127.0.0.0/127.255.255.255
  [1m[35m (0.1ms)[0m  [1m[34mSELECT "schema_migrations"."version" FROM "schema_migrations" ORDER BY "schema_migrations"."version" ASC[0m
  ↳ /home/ec2-user/.rvm/gems/ruby-2.6.3/gems/activerecord-5.2.5/lib/active_record/log_subscriber.rb:98
Processing by Rails::WelcomeController#index as HTML
  Rendering /home/ec2-user/.rvm/gems/ruby-2.6.3/gems/railties-5.2.5/lib/rails/templates/rails/welcome/index.html.erb
  Rendered /home/ec2-user/.rvm/gems/ruby-2.6.3/gems/railties-5.2.5/lib/rails/templates/rails/welcome/index.html.erb (2.2ms)
Completed 200 OK in 21ms (Views: 8.2ms | ActiveRecord: 0.0ms)


Started GET "/books" for 116.222.88.17 at 2021-04-03 06:55:38 +0000
Cannot render console from 116.222.88.17! Allowed networks: 127.0.0.1, ::1, 127.0.0.0/127.255.255.255
Processing by BooksController#index as HTML
  Rendering books/index.html.erb within layouts/application
  [1m[36mBook Load (0.1ms)[0m  [1m[34mSELECT "books".* FROM "books"[0m
  ↳ app/views/books/index.html.erb:15
  Rendered books/_form.html.erb (240.7ms)
  Rendered books/index.html.erb within layouts/application (246.4ms)
Completed 500 Internal Server Error in 266ms (ActiveRecord: 0.7ms)


  
ActionView::Template::Error (undefined local variable or method `book' for #<#<Class:0x00007f0c9c0b1f30>:0x00007f0c9c0b05e0>
Did you mean?  @book
               @books):
    1: <%= form_for(book) do |f| %>
    2:   <% if book.errors.any? %>
    3:     <div id="error_explanation">
    4:       <h2><%= pluralize(book.errors.count, "error") %> prohibited this book from being saved:</h2>
  
app/views/books/_form.html.erb:1:in `_app_views_books__form_html_erb___1878151403092020419_69846067220140'
app/views/books/index.html.erb:29:in `_app_views_books_index_html_erb__4012251553051778669_69846067155780'
Started GET "/books" for 116.222.88.17 at 2021-04-03 07:13:43 +0000
Cannot render console from 116.222.88.17! Allowed networks: 127.0.0.1, ::1, 127.0.0.0/127.255.255.255
  [1m[35m (0.1ms)[0m  [1m[34mSELECT "schema_migrations"."version" FROM "schema_migrations" ORDER BY "schema_migrations"."version" ASC[0m
  ↳ /home/ec2-user/.rvm/gems/ruby-2.6.3/gems/activerecord-5.2.5/lib/active_record/log_subscriber.rb:98
Processing by BooksController#index as HTML
  Rendering books/index.html.erb within layouts/application
  [1m[36mBook Load (0.1ms)[0m  [1m[34mSELECT "books".* FROM "books"[0m
  ↳ app/views/books/index.html.erb:15
  Rendered books/_form.html.erb (31.0ms)
  Rendered books/index.html.erb within layouts/application (39.7ms)
Completed 500 Internal Server Error in 68ms (ActiveRecord: 0.7ms)


  
ActionView::Template::Error (undefined method `title' for #<Book id: nil, body: nil, created_at: nil, updated_at: nil>):
    13: 
    14:   <div class="field">
    15:     <%= f.label :title %>
    16:     <%= f.text_field :title, class: "book_title" %>
    17:   </div>
    18: 
    19:   <div class="field">
  
app/views/books/_form.html.erb:16:in `block in _app_views_books__form_html_erb__231157037164161250_70342712930860'
app/views/books/_form.html.erb:1:in `_app_views_books__form_html_erb__231157037164161250_70342712930860'
app/views/books/index.html.erb:29:in `_app_views_books_index_html_erb___853253228129771513_70342712802700'
Started GET "/books" for 116.222.88.17 at 2021-04-03 07:18:33 +0000
Cannot render console from 116.222.88.17! Allowed networks: 127.0.0.1, ::1, 127.0.0.0/127.255.255.255
  [1m[35m (0.1ms)[0m  [1m[34mSELECT "schema_migrations"."version" FROM "schema_migrations" ORDER BY "schema_migrations"."version" ASC[0m
  ↳ /home/ec2-user/.rvm/gems/ruby-2.6.3/gems/activerecord-5.2.5/lib/active_record/log_subscriber.rb:98
Processing by BooksController#index as HTML
  Rendering books/index.html.erb within layouts/application
  [1m[36mBook Load (0.1ms)[0m  [1m[34mSELECT "books".* FROM "books"[0m
  ↳ app/views/books/index.html.erb:15
  Rendered books/_form.html.erb (0.6ms)
  Rendered books/index.html.erb within layouts/application (7.2ms)
Completed 500 Internal Server Error in 21ms (ActiveRecord: 0.7ms)


  
SyntaxError (/home/ec2-user/environment/rails/Bookers1_debug/app/views/books/_form.html.erb:1: syntax error, unexpected do (for block), expecting =>
... form_with model:book, local do |f| @output_buffer.safe_appe...
...                             ^~
/home/ec2-user/environment/rails/Bookers1_debug/app/views/books/_form.html.erb:7: syntax error, unexpected do (for block), expecting end
...ok.errors.full_messages.each do |message| 
...                             ^~
/home/ec2-user/environment/rails/Bookers1_debug/app/views/books/_form.html.erb:27: syntax error, unexpected end, expecting end-of-input
'.freeze; end 
          ^~~):
  
app/views/books/_form.html.erb:1: syntax error, unexpected do (for block), expecting =>
app/views/books/_form.html.erb:7: syntax error, unexpected do (for block), expecting end
app/views/books/_form.html.erb:27: syntax error, unexpected end, expecting end-of-input
app/views/books/index.html.erb:29:in `_app_views_books_index_html_erb__3774494124067031116_70094242233900'
Started GET "/books" for 116.222.88.17 at 2021-04-03 07:19:03 +0000
Cannot render console from 116.222.88.17! Allowed networks: 127.0.0.1, ::1, 127.0.0.0/127.255.255.255
  [1m[35m (0.1ms)[0m  [1m[34mSELECT "schema_migrations"."version" FROM "schema_migrations" ORDER BY "schema_migrations"."version" ASC[0m
  ↳ /home/ec2-user/.rvm/gems/ruby-2.6.3/gems/activerecord-5.2.5/lib/active_record/log_subscriber.rb:98
Processing by BooksController#index as HTML
  Rendering books/index.html.erb within layouts/application
  [1m[36mBook Load (0.1ms)[0m  [1m[34mSELECT "books".* FROM "books"[0m
  ↳ app/views/books/index.html.erb:15
  Rendered books/_form.html.erb (8.9ms)
  Rendered books/index.html.erb within layouts/application (15.5ms)
Completed 200 OK in 992ms (Views: 977.0ms | ActiveRecord: 0.7ms)


